<?xml version='1.0'?>
<ns2:test-suite xmlns:ns2='urn:model.allure.qatools.yandex.ru' start='1589556978844' stop='1589557055206'>
    <name>Jetpack pre-connection</name>
    <title>Jetpack pre-connection</title>
    <test-cases>
        <test-case start='1589556979361' status='failed' stop='1589557004476'>
            <name>Can find connect button on plugins page</name>
            <title>Can find connect button on plugins page</title>
            <labels/>
            <parameters/>
            <steps/>
            <attachments>
                <attachment title='Test failed: Jetpack pre-connection :: Can find connect button on plugins page' source='48b0dd17-61ac-4971-bfce-5847cd063f78-attachment.png' type='image/png' size='7972'/>
            </attachments>
            <failure>
                <message>TypeError: Cannot read property 'currentStep' of undefined</message>
                <stack-trace>TypeError: Cannot read property 'currentStep' of undefined
                    at Allure.Object.&lt;anonymous>.Allure.addAttachment (/home/travis/build/Automattic/jetpack/node_modules/allure-js-commons/index.js:86:45)
                    at Reporter.addAttachment (/home/travis/build/Automattic/jetpack/node_modules/jest-allure/dist/Reporter.js:60:21)
                    at addAttachment (/home/travis/build/Automattic/jetpack/tests/e2e/lib/setup-env.js:26:12)
                    at tryCatch (/home/travis/build/Automattic/jetpack/node_modules/@babel/runtime/node_modules/regenerator-runtime/runtime.js:45:40)
                    at Generator.invoke [as _invoke] (/home/travis/build/Automattic/jetpack/node_modules/@babel/runtime/node_modules/regenerator-runtime/runtime.js:274:22)
                    at Generator.prototype.(anonymous function) [as next] (/home/travis/build/Automattic/jetpack/node_modules/@babel/runtime/node_modules/regenerator-runtime/runtime.js:97:21)
                    at asyncGeneratorStep (/home/travis/build/Automattic/jetpack/node_modules/@babel/runtime/helpers/asyncToGenerator.js:3:24)
                    at _next (/home/travis/build/Automattic/jetpack/node_modules/@babel/runtime/helpers/asyncToGenerator.js:25:9)</stack-trace>
            </failure>
        </test-case>
        <test-case start='1589557004477' status='failed' stop='1589557029580'>
            <name>Can find connect button on dashboard page</name>
            <title>Can find connect button on dashboard page</title>
            <labels/>
            <parameters/>
            <steps/>
            <attachments>
                <attachment title='Test failed: Jetpack pre-connection :: Can find connect button on dashboard page' source='14c2fff3-d8b7-4716-82ef-3f20f8bf4b9f-attachment.png' type='image/png' size='7972'/>
            </attachments>
            <failure>
                <message>TypeError: Cannot read property 'currentStep' of undefined</message>
                <stack-trace>TypeError: Cannot read property 'currentStep' of undefined
                    at Allure.Object.&lt;anonymous>.Allure.addAttachment (/home/travis/build/Automattic/jetpack/node_modules/allure-js-commons/index.js:86:45)
                    at Reporter.addAttachment (/home/travis/build/Automattic/jetpack/node_modules/jest-allure/dist/Reporter.js:60:21)
                    at addAttachment (/home/travis/build/Automattic/jetpack/tests/e2e/lib/setup-env.js:26:12)
                    at tryCatch (/home/travis/build/Automattic/jetpack/node_modules/@babel/runtime/node_modules/regenerator-runtime/runtime.js:45:40)
                    at Generator.invoke [as _invoke] (/home/travis/build/Automattic/jetpack/node_modules/@babel/runtime/node_modules/regenerator-runtime/runtime.js:274:22)
                    at Generator.prototype.(anonymous function) [as next] (/home/travis/build/Automattic/jetpack/node_modules/@babel/runtime/node_modules/regenerator-runtime/runtime.js:97:21)
                    at asyncGeneratorStep (/home/travis/build/Automattic/jetpack/node_modules/@babel/runtime/helpers/asyncToGenerator.js:3:24)
                    at _next (/home/travis/build/Automattic/jetpack/node_modules/@babel/runtime/helpers/asyncToGenerator.js:25:9)</stack-trace>
            </failure>
        </test-case>
        <test-case start='1589557029580' status='failed' stop='1589557054680'>
            <name>Can find connect button on Jetpack page</name>
            <title>Can find connect button on Jetpack page</title>
            <labels/>
            <parameters/>
            <steps/>
            <attachments>
                <attachment title='Test failed: Jetpack pre-connection :: Can find connect button on Jetpack page' source='05a377a4-cf5b-433d-b1d4-b95bc51906b3-attachment.png' type='image/png' size='7972'/>
            </attachments>
            <failure>
                <message>TypeError: Cannot read property 'currentStep' of undefined</message>
                <stack-trace>TypeError: Cannot read property 'currentStep' of undefined
                    at Allure.Object.&lt;anonymous>.Allure.addAttachment (/home/travis/build/Automattic/jetpack/node_modules/allure-js-commons/index.js:86:45)
                    at Reporter.addAttachment (/home/travis/build/Automattic/jetpack/node_modules/jest-allure/dist/Reporter.js:60:21)
                    at addAttachment (/home/travis/build/Automattic/jetpack/tests/e2e/lib/setup-env.js:26:12)
                    at tryCatch (/home/travis/build/Automattic/jetpack/node_modules/@babel/runtime/node_modules/regenerator-runtime/runtime.js:45:40)
                    at Generator.invoke [as _invoke] (/home/travis/build/Automattic/jetpack/node_modules/@babel/runtime/node_modules/regenerator-runtime/runtime.js:274:22)
                    at Generator.prototype.(anonymous function) [as next] (/home/travis/build/Automattic/jetpack/node_modules/@babel/runtime/node_modules/regenerator-runtime/runtime.js:97:21)
                    at asyncGeneratorStep (/home/travis/build/Automattic/jetpack/node_modules/@babel/runtime/helpers/asyncToGenerator.js:3:24)
                    at _next (/home/travis/build/Automattic/jetpack/node_modules/@babel/runtime/helpers/asyncToGenerator.js:25:9)</stack-trace>
            </failure>
        </test-case>
    </test-cases>
</ns2:test-suite>