<?xml version='1.0'?>
<ns2:test-suite xmlns:ns2='urn:model.allure.qatools.yandex.ru' start='1589365375979' stop='1589365851642'>
    <name>Connection</name>
    <title>Connection</title>
    <test-cases>
        <test-case start='1589365375980' status='failed' stop='1589365528774'>
            <name>In-place with Free plan</name>
            <title>In-place with Free plan</title>
            <labels/>
            <parameters/>
            <steps>
                <step start='1589365390371' status='undefined'>
                    <name>Can start in-place connection</name>
                    <title>Can start in-place connection</title>
                    <attachments>
                        <attachment title='Test failed: Connection :: In-place with Free plan' source='224b22cb-ece7-46db-876c-49a486bb03f0-attachment.png' type='image/png' size='80973'/>
                    </attachments>
                    <steps/>
                </step>
            </steps>
            <attachments/>
            <failure>
                <message>TimeoutError: waiting for selector ".plans-prompt__footer a" failed: timeout 60000ms exceeded</message>
                <stack-trace>TimeoutError: waiting for selector ".plans-prompt__footer a" failed: timeout 60000ms exceeded
                    at new WaitTask (/home/travis/build/Automattic/jetpack/node_modules/puppeteer/lib/DOMWorld.js:549:28)
                    at DOMWorld._waitForSelectorOrXPath (/home/travis/build/Automattic/jetpack/node_modules/puppeteer/lib/DOMWorld.js:478:22)
                    at DOMWorld.waitForSelector (/home/travis/build/Automattic/jetpack/node_modules/puppeteer/lib/DOMWorld.js:432:17)
                    at Frame.waitForSelector (/home/travis/build/Automattic/jetpack/node_modules/puppeteer/lib/FrameManager.js:627:47)
                    at Frame.&lt;anonymous> (/home/travis/build/Automattic/jetpack/node_modules/puppeteer/lib/helper.js:112:23)
                    at Page.waitForSelector (/home/travis/build/Automattic/jetpack/node_modules/puppeteer/lib/Page.js:1122:29)
                    at waitForSelector (/home/travis/build/Automattic/jetpack/tests/e2e/lib/page-helper.js:34:30)
                    at tryCatch (/home/travis/build/Automattic/jetpack/node_modules/@babel/runtime/node_modules/regenerator-runtime/runtime.js:45:40)
                    at Generator.invoke [as _invoke] (/home/travis/build/Automattic/jetpack/node_modules/@babel/runtime/node_modules/regenerator-runtime/runtime.js:274:22)
                    at Generator.prototype.(anonymous function) [as next] (/home/travis/build/Automattic/jetpack/node_modules/@babel/runtime/node_modules/regenerator-runtime/runtime.js:97:21)
                  -- ASYNC --
                    at Frame.&lt;anonymous> (/home/travis/build/Automattic/jetpack/node_modules/puppeteer/lib/helper.js:111:15)
                    at Page.waitForSelector (/home/travis/build/Automattic/jetpack/node_modules/puppeteer/lib/Page.js:1122:29)
                    at waitForSelector (/home/travis/build/Automattic/jetpack/tests/e2e/lib/page-helper.js:34:30)
                    at tryCatch (/home/travis/build/Automattic/jetpack/node_modules/@babel/runtime/node_modules/regenerator-runtime/runtime.js:45:40)
                    at Generator.invoke [as _invoke] (/home/travis/build/Automattic/jetpack/node_modules/@babel/runtime/node_modules/regenerator-runtime/runtime.js:274:22)
                    at Generator.prototype.(anonymous function) [as next] (/home/travis/build/Automattic/jetpack/node_modules/@babel/runtime/node_modules/regenerator-runtime/runtime.js:97:21)
                    at asyncGeneratorStep (/home/travis/build/Automattic/jetpack/node_modules/@babel/runtime/helpers/asyncToGenerator.js:3:24)
                    at _next (/home/travis/build/Automattic/jetpack/node_modules/@babel/runtime/helpers/asyncToGenerator.js:25:9)
                    at /home/travis/build/Automattic/jetpack/node_modules/@babel/runtime/helpers/asyncToGenerator.js:32:7
                    at new Promise (&lt;anonymous>)</stack-trace>
            </failure>
        </test-case>
        <test-case start='1589365528774' status='failed' stop='1589365844081'>
            <name>In-place upgrading a plan from personal to premium</name>
            <title>In-place upgrading a plan from personal to premium</title>
            <labels/>
            <parameters/>
            <steps>
                <step start='1589365543496' status='passed' stop='1589365544828'>
                    <name>Can set a sandbox cookie</name>
                    <title>Can set a sandbox cookie</title>
                    <attachments/>
                    <steps/>
                </step>
                <step start='1589365544828' status='passed' stop='1589365588357'>
                    <name>Can start in-place connection</name>
                    <title>Can start in-place connection</title>
                    <attachments/>
                    <steps/>
                </step>
                <step start='1589365588357' status='passed' stop='1589365635589'>
                    <name>Can process payment for Personal plan</name>
                    <title>Can process payment for Personal plan</title>
                    <attachments/>
                    <steps/>
                </step>
                <step start='1589365635589' status='passed' stop='1589365635600'>
                    <name>Can assert that site has a Personal plan</name>
                    <title>Can assert that site has a Personal plan</title>
                    <attachments/>
                    <steps/>
                </step>
                <step start='1589365635600' status='passed' stop='1589365843999'>
                    <name>Can visit plans page and select a Premium plan</name>
                    <title>Can visit plans page and select a Premium plan</title>
                    <attachments/>
                    <steps/>
                </step>
                <step start='1589365843999' status='undefined'>
                    <name>Can process payment for Premium plan</name>
                    <title>Can process payment for Premium plan</title>
                    <attachments/>
                    <steps/>
                </step>
            </steps>
            <attachments/>
            <failure>
                <message>: Timeout - Async callback was not invoked within the 300000ms timeout specified by jest.setTimeout.</message>
                <stack-trace>Timeout - Async callback was not invoked within the 300000ms timeout specified by jest.setTimeout.Error: 
                    at new Spec (/home/travis/build/Automattic/jetpack/node_modules/jest-jasmine2/build/jasmine/Spec.js:116:22)
                    at new Spec (/home/travis/build/Automattic/jetpack/node_modules/jest-jasmine2/build/setup_jest_globals.js:80:9)
                    at specFactory (/home/travis/build/Automattic/jetpack/node_modules/jest-jasmine2/build/jasmine/Env.js:575:24)
                    at Env.it (/home/travis/build/Automattic/jetpack/node_modules/jest-jasmine2/build/jasmine/Env.js:644:24)
                    at Env.it (/home/travis/build/Automattic/jetpack/node_modules/jest-jasmine2/build/jasmineAsyncInstall.js:132:23)
                    at it (/home/travis/build/Automattic/jetpack/node_modules/jest-jasmine2/build/jasmine/jasmineLight.js:93:21)
                    at test (/home/travis/build/Automattic/jetpack/tests/e2e/lib/setup-env.js:162:15)
                    at tryCatch (/home/travis/build/Automattic/jetpack/node_modules/@babel/runtime/node_modules/regenerator-runtime/runtime.js:45:40)
                    at Generator.invoke [as _invoke] (/home/travis/build/Automattic/jetpack/node_modules/@babel/runtime/node_modules/regenerator-runtime/runtime.js:274:22)
                    at Generator.prototype.(anonymous function) [as next] (/home/travis/build/Automattic/jetpack/node_modules/@babel/runtime/node_modules/regenerator-runtime/runtime.js:97:21)</stack-trace>
            </failure>
        </test-case>
    </test-cases>
</ns2:test-suite>