<?xml version='1.0'?>
<ns2:test-suite xmlns:ns2='urn:model.allure.qatools.yandex.ru' start='1589352552734' stop='1589352629125'>
    <name>Jetpack pre-connection</name>
    <title>Jetpack pre-connection</title>
    <test-cases>
        <test-case start='1589352553274' status='failed' stop='1589352578466'>
            <name>Can find connect button on plugins page</name>
            <title>Can find connect button on plugins page</title>
            <labels/>
            <parameters/>
            <steps/>
            <attachments>
                <attachment title='Test failed: Jetpack pre-connection :: Can find connect button on plugins page' source='567e19b8-b2a8-4532-b40a-01fbf47d343f-attachment.png' type='image/png' size='29053'/>
            </attachments>
            <failure>
                <message>TimeoutError: waiting for selector "#adminmenumain" failed: timeout 25000ms exceeded</message>
                <stack-trace>TimeoutError: waiting for selector "#adminmenumain" failed: timeout 25000ms exceeded
                    at new WaitTask (/home/travis/build/Automattic/jetpack/node_modules/puppeteer/lib/DOMWorld.js:549:28)
                    at DOMWorld._waitForSelectorOrXPath (/home/travis/build/Automattic/jetpack/node_modules/puppeteer/lib/DOMWorld.js:478:22)
                    at DOMWorld.waitForSelector (/home/travis/build/Automattic/jetpack/node_modules/puppeteer/lib/DOMWorld.js:432:17)
                    at Frame.waitForSelector (/home/travis/build/Automattic/jetpack/node_modules/puppeteer/lib/FrameManager.js:627:47)
                    at Frame.&lt;anonymous> (/home/travis/build/Automattic/jetpack/node_modules/puppeteer/lib/helper.js:112:23)
                    at Page.waitForSelector (/home/travis/build/Automattic/jetpack/node_modules/puppeteer/lib/Page.js:1122:29)
                    at waitForSelector (/home/travis/build/Automattic/jetpack/tests/e2e/lib/page-helper.js:34:30)
                    at tryCatch (/home/travis/build/Automattic/jetpack/node_modules/@babel/runtime/node_modules/regenerator-runtime/runtime.js:45:40)
                    at Generator.invoke [as _invoke] (/home/travis/build/Automattic/jetpack/node_modules/@babel/runtime/node_modules/regenerator-runtime/runtime.js:274:22)
                    at Generator.prototype.(anonymous function) [as next] (/home/travis/build/Automattic/jetpack/node_modules/@babel/runtime/node_modules/regenerator-runtime/runtime.js:97:21)
                  -- ASYNC --
                    at Frame.&lt;anonymous> (/home/travis/build/Automattic/jetpack/node_modules/puppeteer/lib/helper.js:111:15)
                    at Page.waitForSelector (/home/travis/build/Automattic/jetpack/node_modules/puppeteer/lib/Page.js:1122:29)
                    at waitForSelector (/home/travis/build/Automattic/jetpack/tests/e2e/lib/page-helper.js:34:30)
                    at tryCatch (/home/travis/build/Automattic/jetpack/node_modules/@babel/runtime/node_modules/regenerator-runtime/runtime.js:45:40)
                    at Generator.invoke [as _invoke] (/home/travis/build/Automattic/jetpack/node_modules/@babel/runtime/node_modules/regenerator-runtime/runtime.js:274:22)
                    at Generator.prototype.(anonymous function) [as next] (/home/travis/build/Automattic/jetpack/node_modules/@babel/runtime/node_modules/regenerator-runtime/runtime.js:97:21)
                    at asyncGeneratorStep (/home/travis/build/Automattic/jetpack/node_modules/@babel/runtime/helpers/asyncToGenerator.js:3:24)
                    at _next (/home/travis/build/Automattic/jetpack/node_modules/@babel/runtime/helpers/asyncToGenerator.js:25:9)
                    at /home/travis/build/Automattic/jetpack/node_modules/@babel/runtime/helpers/asyncToGenerator.js:32:7
                    at new Promise (&lt;anonymous>)</stack-trace>
            </failure>
        </test-case>
        <test-case start='1589352578467' status='failed' stop='1589352603589'>
            <name>Can find connect button on dashboard page</name>
            <title>Can find connect button on dashboard page</title>
            <labels/>
            <parameters/>
            <steps/>
            <attachments>
                <attachment title='Test failed: Jetpack pre-connection :: Can find connect button on dashboard page' source='5a636a10-7538-4c0c-bf04-3e56a9c940d0-attachment.png' type='image/png' size='29038'/>
            </attachments>
            <failure>
                <message>TimeoutError: waiting for selector "#adminmenumain" failed: timeout 25000ms exceeded</message>
                <stack-trace>TimeoutError: waiting for selector "#adminmenumain" failed: timeout 25000ms exceeded
                    at new WaitTask (/home/travis/build/Automattic/jetpack/node_modules/puppeteer/lib/DOMWorld.js:549:28)
                    at DOMWorld._waitForSelectorOrXPath (/home/travis/build/Automattic/jetpack/node_modules/puppeteer/lib/DOMWorld.js:478:22)
                    at DOMWorld.waitForSelector (/home/travis/build/Automattic/jetpack/node_modules/puppeteer/lib/DOMWorld.js:432:17)
                    at Frame.waitForSelector (/home/travis/build/Automattic/jetpack/node_modules/puppeteer/lib/FrameManager.js:627:47)
                    at Frame.&lt;anonymous> (/home/travis/build/Automattic/jetpack/node_modules/puppeteer/lib/helper.js:112:23)
                    at Page.waitForSelector (/home/travis/build/Automattic/jetpack/node_modules/puppeteer/lib/Page.js:1122:29)
                    at waitForSelector (/home/travis/build/Automattic/jetpack/tests/e2e/lib/page-helper.js:34:30)
                    at tryCatch (/home/travis/build/Automattic/jetpack/node_modules/@babel/runtime/node_modules/regenerator-runtime/runtime.js:45:40)
                    at Generator.invoke [as _invoke] (/home/travis/build/Automattic/jetpack/node_modules/@babel/runtime/node_modules/regenerator-runtime/runtime.js:274:22)
                    at Generator.prototype.(anonymous function) [as next] (/home/travis/build/Automattic/jetpack/node_modules/@babel/runtime/node_modules/regenerator-runtime/runtime.js:97:21)
                  -- ASYNC --
                    at Frame.&lt;anonymous> (/home/travis/build/Automattic/jetpack/node_modules/puppeteer/lib/helper.js:111:15)
                    at Page.waitForSelector (/home/travis/build/Automattic/jetpack/node_modules/puppeteer/lib/Page.js:1122:29)
                    at waitForSelector (/home/travis/build/Automattic/jetpack/tests/e2e/lib/page-helper.js:34:30)
                    at tryCatch (/home/travis/build/Automattic/jetpack/node_modules/@babel/runtime/node_modules/regenerator-runtime/runtime.js:45:40)
                    at Generator.invoke [as _invoke] (/home/travis/build/Automattic/jetpack/node_modules/@babel/runtime/node_modules/regenerator-runtime/runtime.js:274:22)
                    at Generator.prototype.(anonymous function) [as next] (/home/travis/build/Automattic/jetpack/node_modules/@babel/runtime/node_modules/regenerator-runtime/runtime.js:97:21)
                    at asyncGeneratorStep (/home/travis/build/Automattic/jetpack/node_modules/@babel/runtime/helpers/asyncToGenerator.js:3:24)
                    at _next (/home/travis/build/Automattic/jetpack/node_modules/@babel/runtime/helpers/asyncToGenerator.js:25:9)
                    at /home/travis/build/Automattic/jetpack/node_modules/@babel/runtime/helpers/asyncToGenerator.js:32:7
                    at new Promise (&lt;anonymous>)</stack-trace>
            </failure>
        </test-case>
        <test-case start='1589352603589' status='failed' stop='1589352628704'>
            <name>Can find connect button on Jetpack page</name>
            <title>Can find connect button on Jetpack page</title>
            <labels/>
            <parameters/>
            <steps/>
            <attachments>
                <attachment title='Test failed: Jetpack pre-connection :: Can find connect button on Jetpack page' source='e1ce42d9-c5a1-45f7-9070-b7abe7b48468-attachment.png' type='image/png' size='29038'/>
            </attachments>
            <failure>
                <message>TimeoutError: waiting for selector "#adminmenumain" failed: timeout 25000ms exceeded</message>
                <stack-trace>TimeoutError: waiting for selector "#adminmenumain" failed: timeout 25000ms exceeded
                    at new WaitTask (/home/travis/build/Automattic/jetpack/node_modules/puppeteer/lib/DOMWorld.js:549:28)
                    at DOMWorld._waitForSelectorOrXPath (/home/travis/build/Automattic/jetpack/node_modules/puppeteer/lib/DOMWorld.js:478:22)
                    at DOMWorld.waitForSelector (/home/travis/build/Automattic/jetpack/node_modules/puppeteer/lib/DOMWorld.js:432:17)
                    at Frame.waitForSelector (/home/travis/build/Automattic/jetpack/node_modules/puppeteer/lib/FrameManager.js:627:47)
                    at Frame.&lt;anonymous> (/home/travis/build/Automattic/jetpack/node_modules/puppeteer/lib/helper.js:112:23)
                    at Page.waitForSelector (/home/travis/build/Automattic/jetpack/node_modules/puppeteer/lib/Page.js:1122:29)
                    at waitForSelector (/home/travis/build/Automattic/jetpack/tests/e2e/lib/page-helper.js:34:30)
                    at tryCatch (/home/travis/build/Automattic/jetpack/node_modules/@babel/runtime/node_modules/regenerator-runtime/runtime.js:45:40)
                    at Generator.invoke [as _invoke] (/home/travis/build/Automattic/jetpack/node_modules/@babel/runtime/node_modules/regenerator-runtime/runtime.js:274:22)
                    at Generator.prototype.(anonymous function) [as next] (/home/travis/build/Automattic/jetpack/node_modules/@babel/runtime/node_modules/regenerator-runtime/runtime.js:97:21)
                  -- ASYNC --
                    at Frame.&lt;anonymous> (/home/travis/build/Automattic/jetpack/node_modules/puppeteer/lib/helper.js:111:15)
                    at Page.waitForSelector (/home/travis/build/Automattic/jetpack/node_modules/puppeteer/lib/Page.js:1122:29)
                    at waitForSelector (/home/travis/build/Automattic/jetpack/tests/e2e/lib/page-helper.js:34:30)
                    at tryCatch (/home/travis/build/Automattic/jetpack/node_modules/@babel/runtime/node_modules/regenerator-runtime/runtime.js:45:40)
                    at Generator.invoke [as _invoke] (/home/travis/build/Automattic/jetpack/node_modules/@babel/runtime/node_modules/regenerator-runtime/runtime.js:274:22)
                    at Generator.prototype.(anonymous function) [as next] (/home/travis/build/Automattic/jetpack/node_modules/@babel/runtime/node_modules/regenerator-runtime/runtime.js:97:21)
                    at asyncGeneratorStep (/home/travis/build/Automattic/jetpack/node_modules/@babel/runtime/helpers/asyncToGenerator.js:3:24)
                    at _next (/home/travis/build/Automattic/jetpack/node_modules/@babel/runtime/helpers/asyncToGenerator.js:25:9)
                    at /home/travis/build/Automattic/jetpack/node_modules/@babel/runtime/helpers/asyncToGenerator.js:32:7
                    at new Promise (&lt;anonymous>)</stack-trace>
            </failure>
        </test-case>
    </test-cases>
</ns2:test-suite>