<?xml version='1.0'?>
<ns2:test-suite xmlns:ns2='urn:model.allure.qatools.yandex.ru' start='1588939375417' stop='1588939406541'>
    <name>Paid blocks</name>
    <title>Paid blocks</title>
    <test-cases>
        <test-case start='1588939395876' status='failed' stop='1588939401849'>
            <name>MailChimp Block</name>
            <title>MailChimp Block</title>
            <labels/>
            <parameters/>
            <steps>
                <step start='1588939395877' status='undefined'>
                    <name>Can visit the block editor and add a MailChimp block</name>
                    <title>Can visit the block editor and add a MailChimp block</title>
                    <attachments>
                        <attachment title='Test failed: Paid blocks :: MailChimp Block' source='1ed70da3-5e1a-47b7-b62d-f76c8fda82a3-attachment.png' type='image/png' size='17018'/>
                    </attachments>
                    <steps/>
                </step>
            </steps>
            <attachments/>
            <failure>
                <message>Error: No node found for selector: .edit-post-header [aria-label="Add block"]</message>
                <stack-trace>Error: No node found for selector: .edit-post-header [aria-label="Add block"]
                    at assert (/home/travis/build/Automattic/jetpack/node_modules/puppeteer/lib/helper.js:283:11)
                    at DOMWorld.click (/home/travis/build/Automattic/jetpack/node_modules/puppeteer/lib/DOMWorld.js:366:5)
                    at process._tickCallback (internal/process/next_tick.js:68:7)
                  -- ASYNC --
                    at Frame.&lt;anonymous> (/home/travis/build/Automattic/jetpack/node_modules/puppeteer/lib/helper.js:111:15)
                    at Page.click (/home/travis/build/Automattic/jetpack/node_modules/puppeteer/lib/Page.js:1064:29)
                    at click (/home/travis/build/Automattic/jetpack/node_modules/@wordpress/e2e-test-utils/build/@wordpress/e2e-test-utils/src/open-global-block-inserter.js:5:13)
                    at tryCatch (/home/travis/build/Automattic/jetpack/node_modules/@babel/runtime/node_modules/regenerator-runtime/runtime.js:45:40)
                    at Generator.invoke [as _invoke] (/home/travis/build/Automattic/jetpack/node_modules/@babel/runtime/node_modules/regenerator-runtime/runtime.js:274:22)
                    at Generator.prototype.(anonymous function) [as next] (/home/travis/build/Automattic/jetpack/node_modules/@babel/runtime/node_modules/regenerator-runtime/runtime.js:97:21)
                    at asyncGeneratorStep (/home/travis/build/Automattic/jetpack/node_modules/@babel/runtime/helpers/asyncToGenerator.js:3:24)
                    at _next (/home/travis/build/Automattic/jetpack/node_modules/@babel/runtime/helpers/asyncToGenerator.js:25:9)
                    at /home/travis/build/Automattic/jetpack/node_modules/@babel/runtime/helpers/asyncToGenerator.js:32:7
                    at new Promise (&lt;anonymous>)</stack-trace>
            </failure>
        </test-case>
        <test-case start='1588939401850' status='failed' stop='1588939403530'>
            <name>Simple Payment block</name>
            <title>Simple Payment block</title>
            <labels/>
            <parameters/>
            <steps>
                <step start='1588939401851' status='undefined'>
                    <name>Can visit the block editor and add a Simple Payment block</name>
                    <title>Can visit the block editor and add a Simple Payment block</title>
                    <attachments>
                        <attachment title='Test failed: Paid blocks :: Simple Payment block' source='60f12111-df1d-4dcf-9579-36127f6e767d-attachment.png' type='image/png' size='17018'/>
                    </attachments>
                    <steps/>
                </step>
            </steps>
            <attachments/>
            <failure>
                <message>Error: No node found for selector: .edit-post-header [aria-label="Add block"]</message>
                <stack-trace>Error: No node found for selector: .edit-post-header [aria-label="Add block"]
                    at assert (/home/travis/build/Automattic/jetpack/node_modules/puppeteer/lib/helper.js:283:11)
                    at DOMWorld.click (/home/travis/build/Automattic/jetpack/node_modules/puppeteer/lib/DOMWorld.js:366:5)
                    at process._tickCallback (internal/process/next_tick.js:68:7)
                  -- ASYNC --
                    at Frame.&lt;anonymous> (/home/travis/build/Automattic/jetpack/node_modules/puppeteer/lib/helper.js:111:15)
                    at Page.click (/home/travis/build/Automattic/jetpack/node_modules/puppeteer/lib/Page.js:1064:29)
                    at click (/home/travis/build/Automattic/jetpack/node_modules/@wordpress/e2e-test-utils/build/@wordpress/e2e-test-utils/src/open-global-block-inserter.js:5:13)
                    at tryCatch (/home/travis/build/Automattic/jetpack/node_modules/@babel/runtime/node_modules/regenerator-runtime/runtime.js:45:40)
                    at Generator.invoke [as _invoke] (/home/travis/build/Automattic/jetpack/node_modules/@babel/runtime/node_modules/regenerator-runtime/runtime.js:274:22)
                    at Generator.prototype.(anonymous function) [as next] (/home/travis/build/Automattic/jetpack/node_modules/@babel/runtime/node_modules/regenerator-runtime/runtime.js:97:21)
                    at asyncGeneratorStep (/home/travis/build/Automattic/jetpack/node_modules/@babel/runtime/helpers/asyncToGenerator.js:3:24)
                    at _next (/home/travis/build/Automattic/jetpack/node_modules/@babel/runtime/helpers/asyncToGenerator.js:25:9)
                    at /home/travis/build/Automattic/jetpack/node_modules/@babel/runtime/helpers/asyncToGenerator.js:32:7
                    at new Promise (&lt;anonymous>)</stack-trace>
            </failure>
        </test-case>
        <test-case start='1588939403530' status='failed' stop='1588939405194'>
            <name>WordAds block</name>
            <title>WordAds block</title>
            <labels/>
            <parameters/>
            <steps>
                <step start='1588939403531' status='undefined'>
                    <name>Can visit the block editor and add a WordAds block</name>
                    <title>Can visit the block editor and add a WordAds block</title>
                    <attachments>
                        <attachment title='Test failed: Paid blocks :: WordAds block' source='e3ef8b7c-b3ae-407f-bf18-268bf6038d84-attachment.png' type='image/png' size='17018'/>
                    </attachments>
                    <steps/>
                </step>
            </steps>
            <attachments/>
            <failure>
                <message>Error: No node found for selector: .edit-post-header [aria-label="Add block"]</message>
                <stack-trace>Error: No node found for selector: .edit-post-header [aria-label="Add block"]
                    at assert (/home/travis/build/Automattic/jetpack/node_modules/puppeteer/lib/helper.js:283:11)
                    at DOMWorld.click (/home/travis/build/Automattic/jetpack/node_modules/puppeteer/lib/DOMWorld.js:366:5)
                    at process._tickCallback (internal/process/next_tick.js:68:7)
                  -- ASYNC --
                    at Frame.&lt;anonymous> (/home/travis/build/Automattic/jetpack/node_modules/puppeteer/lib/helper.js:111:15)
                    at Page.click (/home/travis/build/Automattic/jetpack/node_modules/puppeteer/lib/Page.js:1064:29)
                    at click (/home/travis/build/Automattic/jetpack/node_modules/@wordpress/e2e-test-utils/build/@wordpress/e2e-test-utils/src/open-global-block-inserter.js:5:13)
                    at tryCatch (/home/travis/build/Automattic/jetpack/node_modules/@babel/runtime/node_modules/regenerator-runtime/runtime.js:45:40)
                    at Generator.invoke [as _invoke] (/home/travis/build/Automattic/jetpack/node_modules/@babel/runtime/node_modules/regenerator-runtime/runtime.js:274:22)
                    at Generator.prototype.(anonymous function) [as next] (/home/travis/build/Automattic/jetpack/node_modules/@babel/runtime/node_modules/regenerator-runtime/runtime.js:97:21)
                    at asyncGeneratorStep (/home/travis/build/Automattic/jetpack/node_modules/@babel/runtime/helpers/asyncToGenerator.js:3:24)
                    at _next (/home/travis/build/Automattic/jetpack/node_modules/@babel/runtime/helpers/asyncToGenerator.js:25:9)
                    at /home/travis/build/Automattic/jetpack/node_modules/@babel/runtime/helpers/asyncToGenerator.js:32:7
                    at new Promise (&lt;anonymous>)</stack-trace>
            </failure>
        </test-case>
    </test-cases>
</ns2:test-suite>