<?xml version='1.0'?>
<ns2:test-suite xmlns:ns2='urn:model.allure.qatools.yandex.ru' start='1589263721076' stop='1589263799548'>
    <name>Paid blocks</name>
    <title>Paid blocks</title>
    <test-cases>
        <test-case start='1589263722042' status='failed' stop='1589263747739'>
            <name>MailChimp Block</name>
            <title>MailChimp Block</title>
            <labels/>
            <parameters/>
            <steps>
                <step start='1589263722043' status='undefined'>
                    <name>Can visit the block editor and add a MailChimp block</name>
                    <title>Can visit the block editor and add a MailChimp block</title>
                    <attachments>
                        <attachment title='Test failed: Paid blocks :: MailChimp Block' source='2fca5b78-a126-4847-8d9d-89e87dca58d4-attachment.png' type='image/png' size='23773'/>
                    </attachments>
                    <steps/>
                </step>
            </steps>
            <attachments/>
            <failure>
                <message>TypeError: Cannot read property 'currentStep' of undefined</message>
                <stack-trace>TypeError: Cannot read property 'currentStep' of undefined
                    at Allure.Object.&lt;anonymous>.Allure.addAttachment (/home/travis/build/Automattic/jetpack/node_modules/allure-js-commons/index.js:86:45)
                    at Reporter.addAttachment (/home/travis/build/Automattic/jetpack/node_modules/jest-allure/dist/Reporter.js:60:21)
                    at addAttachment (/home/travis/build/Automattic/jetpack/tests/e2e/lib/setup-env.js:24:12)
                    at tryCatch (/home/travis/build/Automattic/jetpack/node_modules/@babel/runtime/node_modules/regenerator-runtime/runtime.js:45:40)
                    at Generator.invoke [as _invoke] (/home/travis/build/Automattic/jetpack/node_modules/@babel/runtime/node_modules/regenerator-runtime/runtime.js:274:22)
                    at Generator.prototype.(anonymous function) [as next] (/home/travis/build/Automattic/jetpack/node_modules/@babel/runtime/node_modules/regenerator-runtime/runtime.js:97:21)
                    at asyncGeneratorStep (/home/travis/build/Automattic/jetpack/node_modules/@babel/runtime/helpers/asyncToGenerator.js:3:24)
                    at _next (/home/travis/build/Automattic/jetpack/node_modules/@babel/runtime/helpers/asyncToGenerator.js:25:9)</stack-trace>
            </failure>
        </test-case>
        <test-case start='1589263747739' status='failed' stop='1589263773198'>
            <name>Simple Payment block</name>
            <title>Simple Payment block</title>
            <labels/>
            <parameters/>
            <steps>
                <step start='1589263747740' status='undefined'>
                    <name>Can visit the block editor and add a Simple Payment block</name>
                    <title>Can visit the block editor and add a Simple Payment block</title>
                    <attachments>
                        <attachment title='Test failed: Paid blocks :: Simple Payment block' source='1f4538eb-067e-4817-82ca-05cb5a7bff74-attachment.png' type='image/png' size='23773'/>
                    </attachments>
                    <steps/>
                </step>
            </steps>
            <attachments/>
            <failure>
                <message>TypeError: Cannot read property 'currentStep' of undefined</message>
                <stack-trace>TypeError: Cannot read property 'currentStep' of undefined
                    at Allure.Object.&lt;anonymous>.Allure.addAttachment (/home/travis/build/Automattic/jetpack/node_modules/allure-js-commons/index.js:86:45)
                    at Reporter.addAttachment (/home/travis/build/Automattic/jetpack/node_modules/jest-allure/dist/Reporter.js:60:21)
                    at addAttachment (/home/travis/build/Automattic/jetpack/tests/e2e/lib/setup-env.js:24:12)
                    at tryCatch (/home/travis/build/Automattic/jetpack/node_modules/@babel/runtime/node_modules/regenerator-runtime/runtime.js:45:40)
                    at Generator.invoke [as _invoke] (/home/travis/build/Automattic/jetpack/node_modules/@babel/runtime/node_modules/regenerator-runtime/runtime.js:274:22)
                    at Generator.prototype.(anonymous function) [as next] (/home/travis/build/Automattic/jetpack/node_modules/@babel/runtime/node_modules/regenerator-runtime/runtime.js:97:21)
                    at asyncGeneratorStep (/home/travis/build/Automattic/jetpack/node_modules/@babel/runtime/helpers/asyncToGenerator.js:3:24)
                    at _next (/home/travis/build/Automattic/jetpack/node_modules/@babel/runtime/helpers/asyncToGenerator.js:25:9)</stack-trace>
            </failure>
        </test-case>
        <test-case start='1589263773198' status='failed' stop='1589263798653'>
            <name>WordAds block</name>
            <title>WordAds block</title>
            <labels/>
            <parameters/>
            <steps>
                <step start='1589263773198' status='undefined'>
                    <name>Can visit the block editor and add a WordAds block</name>
                    <title>Can visit the block editor and add a WordAds block</title>
                    <attachments>
                        <attachment title='Test failed: Paid blocks :: WordAds block' source='1b7b91dd-6579-4b5b-aad2-6f8c57c1ed51-attachment.png' type='image/png' size='23773'/>
                    </attachments>
                    <steps/>
                </step>
            </steps>
            <attachments/>
            <failure>
                <message>TypeError: Cannot read property 'currentStep' of undefined</message>
                <stack-trace>TypeError: Cannot read property 'currentStep' of undefined
                    at Allure.Object.&lt;anonymous>.Allure.addAttachment (/home/travis/build/Automattic/jetpack/node_modules/allure-js-commons/index.js:86:45)
                    at Reporter.addAttachment (/home/travis/build/Automattic/jetpack/node_modules/jest-allure/dist/Reporter.js:60:21)
                    at addAttachment (/home/travis/build/Automattic/jetpack/tests/e2e/lib/setup-env.js:24:12)
                    at tryCatch (/home/travis/build/Automattic/jetpack/node_modules/@babel/runtime/node_modules/regenerator-runtime/runtime.js:45:40)
                    at Generator.invoke [as _invoke] (/home/travis/build/Automattic/jetpack/node_modules/@babel/runtime/node_modules/regenerator-runtime/runtime.js:274:22)
                    at Generator.prototype.(anonymous function) [as next] (/home/travis/build/Automattic/jetpack/node_modules/@babel/runtime/node_modules/regenerator-runtime/runtime.js:97:21)
                    at asyncGeneratorStep (/home/travis/build/Automattic/jetpack/node_modules/@babel/runtime/helpers/asyncToGenerator.js:3:24)
                    at _next (/home/travis/build/Automattic/jetpack/node_modules/@babel/runtime/helpers/asyncToGenerator.js:25:9)</stack-trace>
            </failure>
        </test-case>
    </test-cases>
</ns2:test-suite>