<?xml version='1.0'?>
<ns2:test-suite xmlns:ns2='urn:model.allure.qatools.yandex.ru' start='1587652678717' stop='1587652708803'>
    <name>Jetpack connection</name>
    <title>Jetpack connection</title>
    <test-cases>
        <test-case start='1587652687656' status='passed' stop='1587652690893'>
            <name>Can find connect button on plugins page</name>
            <title>Can find connect button on plugins page</title>
            <labels/>
            <parameters/>
            <steps/>
            <attachments/>
        </test-case>
        <test-case start='1587652690893' status='failed' stop='1587652700004'>
            <name>Can find connect button on dashboard page</name>
            <title>Can find connect button on dashboard page</title>
            <labels/>
            <parameters/>
            <steps/>
            <attachments>
                <attachment title='Test failed: Jetpack connection :: Can find connect button on dashboard page' source='ff8595b7-5967-4f6d-b54e-737bfeb20442-attachment.png' type='image/png' size='273055'/>
            </attachments>
            <failure>
                <message>Error: expect(received).toBeTruthy()
                
                Received: false</message>
                <stack-trace>Error: expect(received).toBeTruthy()
                
                Received: false
                    at toBeTruthy (/home/travis/build/Automattic/jetpack/tests/e2e/specs/connection.test.js:33:54)
                    at tryCatch (/home/travis/build/Automattic/jetpack/node_modules/@babel/runtime/node_modules/regenerator-runtime/runtime.js:45:40)
                    at Generator.invoke [as _invoke] (/home/travis/build/Automattic/jetpack/node_modules/@babel/runtime/node_modules/regenerator-runtime/runtime.js:274:22)
                    at Generator.prototype.(anonymous function) [as next] (/home/travis/build/Automattic/jetpack/node_modules/@babel/runtime/node_modules/regenerator-runtime/runtime.js:97:21)
                    at asyncGeneratorStep (/home/travis/build/Automattic/jetpack/node_modules/@babel/runtime/helpers/asyncToGenerator.js:3:24)
                    at _next (/home/travis/build/Automattic/jetpack/node_modules/@babel/runtime/helpers/asyncToGenerator.js:25:9)</stack-trace>
            </failure>
        </test-case>
        <test-case start='1587652700004' status='failed' stop='1587652708803'>
            <name>Can find connect button on Jetpack page</name>
            <title>Can find connect button on Jetpack page</title>
            <labels/>
            <parameters/>
            <steps/>
            <attachments>
                <attachment title='Test failed: Jetpack connection :: Can find connect button on Jetpack page' source='7e0590d8-101b-4dc3-a661-baf8e0e4d3ce-attachment.png' type='image/png' size='116162'/>
            </attachments>
            <failure>
                <message>Error: expect(received).toBeTruthy()
                
                Received: false</message>
                <stack-trace>Error: expect(received).toBeTruthy()
                
                Received: false
                    at toBeTruthy (/home/travis/build/Automattic/jetpack/tests/e2e/specs/connection.test.js:40:56)
                    at tryCatch (/home/travis/build/Automattic/jetpack/node_modules/@babel/runtime/node_modules/regenerator-runtime/runtime.js:45:40)
                    at Generator.invoke [as _invoke] (/home/travis/build/Automattic/jetpack/node_modules/@babel/runtime/node_modules/regenerator-runtime/runtime.js:274:22)
                    at Generator.prototype.(anonymous function) [as next] (/home/travis/build/Automattic/jetpack/node_modules/@babel/runtime/node_modules/regenerator-runtime/runtime.js:97:21)
                    at asyncGeneratorStep (/home/travis/build/Automattic/jetpack/node_modules/@babel/runtime/helpers/asyncToGenerator.js:3:24)
                    at _next (/home/travis/build/Automattic/jetpack/node_modules/@babel/runtime/helpers/asyncToGenerator.js:25:9)</stack-trace>
            </failure>
        </test-case>
    </test-cases>
</ns2:test-suite>