<?xml version='1.0'?>
<ns2:test-suite xmlns:ns2='urn:model.allure.qatools.yandex.ru' start='1588107962507' stop='1588108038879'>
    <name>Jetpack pre-connection</name>
    <title>Jetpack pre-connection</title>
    <test-cases>
        <test-case start='1588107963134' status='failed' stop='1588107988252'>
            <name>Can find connect button on plugins page</name>
            <title>Can find connect button on plugins page</title>
            <labels/>
            <parameters/>
            <steps/>
            <attachments>
                <attachment title='Test failed: Jetpack pre-connection :: Can find connect button on plugins page' source='09123c26-2da3-4612-ba79-7f6f3aa536ac-attachment.png' type='image/png' size='32809'/>
            </attachments>
            <failure>
                <message>Error: Protocol error (Page.captureScreenshot): Cannot take screenshot with 0 width.</message>
                <stack-trace>Error: Protocol error (Page.captureScreenshot): Cannot take screenshot with 0 width.
                    at Promise (/home/travis/build/Automattic/jetpack/node_modules/puppeteer/lib/Connection.js:183:56)
                    at new Promise (&lt;anonymous>)
                    at CDPSession.send (/home/travis/build/Automattic/jetpack/node_modules/puppeteer/lib/Connection.js:182:12)
                    at Page._screenshotTask (/home/travis/build/Automattic/jetpack/node_modules/puppeteer/lib/Page.js:948:39)
                    at process._tickCallback (internal/process/next_tick.js:68:7)
                  -- ASYNC --
                    at Page.&lt;anonymous> (/home/travis/build/Automattic/jetpack/node_modules/puppeteer/lib/helper.js:111:15)
                    at screenshot (/home/travis/build/Automattic/jetpack/tests/e2e/lib/reporters/screenshot.js:15:13)
                    at tryCatch (/home/travis/build/Automattic/jetpack/node_modules/@babel/runtime/node_modules/regenerator-runtime/runtime.js:45:40)
                    at Generator.invoke [as _invoke] (/home/travis/build/Automattic/jetpack/node_modules/@babel/runtime/node_modules/regenerator-runtime/runtime.js:274:22)
                    at Generator.prototype.(anonymous function) [as next] (/home/travis/build/Automattic/jetpack/node_modules/@babel/runtime/node_modules/regenerator-runtime/runtime.js:97:21)
                    at asyncGeneratorStep (/home/travis/build/Automattic/jetpack/node_modules/@babel/runtime/helpers/asyncToGenerator.js:3:24)
                    at _next (/home/travis/build/Automattic/jetpack/node_modules/@babel/runtime/helpers/asyncToGenerator.js:25:9)
                    at /home/travis/build/Automattic/jetpack/node_modules/@babel/runtime/helpers/asyncToGenerator.js:32:7
                    at new Promise (&lt;anonymous>)
                    at /home/travis/build/Automattic/jetpack/node_modules/@babel/runtime/helpers/asyncToGenerator.js:21:12</stack-trace>
            </failure>
        </test-case>
        <test-case start='1588107988252' status='failed' stop='1588108013362'>
            <name>Can find connect button on dashboard page</name>
            <title>Can find connect button on dashboard page</title>
            <labels/>
            <parameters/>
            <steps/>
            <attachments>
                <attachment title='Test failed: Jetpack pre-connection :: Can find connect button on dashboard page' source='804c2d50-3ff7-4b18-af14-700dc1e7f3e8-attachment.png' type='image/png' size='32809'/>
            </attachments>
            <failure>
                <message>Error: Protocol error (Page.captureScreenshot): Cannot take screenshot with 0 width.</message>
                <stack-trace>Error: Protocol error (Page.captureScreenshot): Cannot take screenshot with 0 width.
                    at Promise (/home/travis/build/Automattic/jetpack/node_modules/puppeteer/lib/Connection.js:183:56)
                    at new Promise (&lt;anonymous>)
                    at CDPSession.send (/home/travis/build/Automattic/jetpack/node_modules/puppeteer/lib/Connection.js:182:12)
                    at Page._screenshotTask (/home/travis/build/Automattic/jetpack/node_modules/puppeteer/lib/Page.js:948:39)
                    at process._tickCallback (internal/process/next_tick.js:68:7)
                  -- ASYNC --
                    at Page.&lt;anonymous> (/home/travis/build/Automattic/jetpack/node_modules/puppeteer/lib/helper.js:111:15)
                    at screenshot (/home/travis/build/Automattic/jetpack/tests/e2e/lib/reporters/screenshot.js:15:13)
                    at tryCatch (/home/travis/build/Automattic/jetpack/node_modules/@babel/runtime/node_modules/regenerator-runtime/runtime.js:45:40)
                    at Generator.invoke [as _invoke] (/home/travis/build/Automattic/jetpack/node_modules/@babel/runtime/node_modules/regenerator-runtime/runtime.js:274:22)
                    at Generator.prototype.(anonymous function) [as next] (/home/travis/build/Automattic/jetpack/node_modules/@babel/runtime/node_modules/regenerator-runtime/runtime.js:97:21)
                    at asyncGeneratorStep (/home/travis/build/Automattic/jetpack/node_modules/@babel/runtime/helpers/asyncToGenerator.js:3:24)
                    at _next (/home/travis/build/Automattic/jetpack/node_modules/@babel/runtime/helpers/asyncToGenerator.js:25:9)
                    at /home/travis/build/Automattic/jetpack/node_modules/@babel/runtime/helpers/asyncToGenerator.js:32:7
                    at new Promise (&lt;anonymous>)
                    at /home/travis/build/Automattic/jetpack/node_modules/@babel/runtime/helpers/asyncToGenerator.js:21:12</stack-trace>
            </failure>
        </test-case>
        <test-case start='1588108013362' status='failed' stop='1588108038480'>
            <name>Can find connect button on Jetpack page</name>
            <title>Can find connect button on Jetpack page</title>
            <labels/>
            <parameters/>
            <steps/>
            <attachments>
                <attachment title='Test failed: Jetpack pre-connection :: Can find connect button on Jetpack page' source='84895cba-f1c0-48ad-ab5e-af05dffa5ada-attachment.png' type='image/png' size='32809'/>
            </attachments>
            <failure>
                <message>Error: Protocol error (Page.captureScreenshot): Cannot take screenshot with 0 width.</message>
                <stack-trace>Error: Protocol error (Page.captureScreenshot): Cannot take screenshot with 0 width.
                    at Promise (/home/travis/build/Automattic/jetpack/node_modules/puppeteer/lib/Connection.js:183:56)
                    at new Promise (&lt;anonymous>)
                    at CDPSession.send (/home/travis/build/Automattic/jetpack/node_modules/puppeteer/lib/Connection.js:182:12)
                    at Page._screenshotTask (/home/travis/build/Automattic/jetpack/node_modules/puppeteer/lib/Page.js:948:39)
                    at process._tickCallback (internal/process/next_tick.js:68:7)
                  -- ASYNC --
                    at Page.&lt;anonymous> (/home/travis/build/Automattic/jetpack/node_modules/puppeteer/lib/helper.js:111:15)
                    at screenshot (/home/travis/build/Automattic/jetpack/tests/e2e/lib/reporters/screenshot.js:15:13)
                    at tryCatch (/home/travis/build/Automattic/jetpack/node_modules/@babel/runtime/node_modules/regenerator-runtime/runtime.js:45:40)
                    at Generator.invoke [as _invoke] (/home/travis/build/Automattic/jetpack/node_modules/@babel/runtime/node_modules/regenerator-runtime/runtime.js:274:22)
                    at Generator.prototype.(anonymous function) [as next] (/home/travis/build/Automattic/jetpack/node_modules/@babel/runtime/node_modules/regenerator-runtime/runtime.js:97:21)
                    at asyncGeneratorStep (/home/travis/build/Automattic/jetpack/node_modules/@babel/runtime/helpers/asyncToGenerator.js:3:24)
                    at _next (/home/travis/build/Automattic/jetpack/node_modules/@babel/runtime/helpers/asyncToGenerator.js:25:9)
                    at /home/travis/build/Automattic/jetpack/node_modules/@babel/runtime/helpers/asyncToGenerator.js:32:7
                    at new Promise (&lt;anonymous>)
                    at /home/travis/build/Automattic/jetpack/node_modules/@babel/runtime/helpers/asyncToGenerator.js:21:12</stack-trace>
            </failure>
        </test-case>
    </test-cases>
</ns2:test-suite>